<?xml version="1.0" encoding="UTF-8"?>
<!-- Generated by org.testng.reporters.JUnitXMLReporter -->
<testsuite hostname="IN2196867W4" ignored="0" name="Default test" tests="3" failures="0" timestamp="2020-12-24T11:00:51 IST" time="123.597" errors="0">
  <testcase name="searchwithvalidvalues" time="35.452" classname="testcase.testcaseclass"/>
  <testcase name="searchwithvalidvalues" time="36.712" classname="testcase.testcaseclass"/>
  <testcase name="searchwithvalidvalues" time="32.684" classname="testcase.testcaseclass"/>
</testsuite> <!-- Default test -->
