<?xml version="1.0" encoding="UTF-8"?>
<!-- Generated by org.testng.reporters.JUnitXMLReporter -->
<testsuite hostname="IN2196867W4" ignored="0" name="Test" tests="1" failures="1" timestamp="2020-12-23T10:56:46 IST" time="14.065" errors="0">
  <testcase name="searchwithvalidvalues" time="0.202" classname="testcase.testcaseclass">
    <failure type="java.lang.NullPointerException">
      <![CDATA[java.lang.NullPointerException
at java.util.Objects.requireNonNull(Objects.java:203)
at org.openqa.selenium.support.ui.FluentWait.<init>(FluentWait.java:106)
at org.openqa.selenium.support.ui.WebDriverWait.<init>(WebDriverWait.java:85)
at org.openqa.selenium.support.ui.WebDriverWait.<init>(WebDriverWait.java:45)
at Pages.BookFlightSearch.<init>(BookFlightSearch.java:17)
at testcase.testcaseclass.searchwithvalidvalues(testcaseclass.java:38)
at java.util.ArrayList.forEach(ArrayList.java:1257)
... Removed 27 stack frames]]>
    </failure>
  </testcase> <!-- searchwithvalidvalues -->
</testsuite> <!-- Test -->
