<?xml version="1.0" encoding="UTF-8"?>
<!-- Generated by org.testng.reporters.JUnitXMLReporter -->
<testsuite hostname="IN2196867W4" ignored="0" name="Test" tests="3" failures="0" timestamp="2020-12-25T11:17:05 IST" time="137.026" errors="0">
  <testcase name="searchwithvalidvalues" time="55.206" classname="testcase.testcaseclass"/>
  <testcase name="searchwithvalidvalues" time="35.018" classname="testcase.testcaseclass"/>
  <testcase name="searchwithvalidvalues" time="29.896" classname="testcase.testcaseclass"/>
</testsuite> <!-- Test -->
