<?xml version="1.0" encoding="UTF-8"?>
<testng-results skipped="0" failed="0" ignored="0" total="3" passed="3">
  <reporter-output>
  </reporter-output>
  <suite name="Suite" duration-ms="137026" started-at="2020-12-25T11:14:48 IST" finished-at="2020-12-25T11:17:05 IST">
    <groups>
    </groups>
    <test name="Test" duration-ms="137026" started-at="2020-12-25T11:14:48 IST" finished-at="2020-12-25T11:17:05 IST">
      <class name="testcase.testcaseclass">
        <test-method status="PASS" signature="launch()[pri:0, instance:testcase.testcaseclass@3159c4b8]" name="launch" is-config="true" duration-ms="16327" started-at="2020-12-25T11:14:32 IST" finished-at="2020-12-25T11:14:48 IST">
          <reporter-output>
          </reporter-output>
        </test-method> <!-- launch -->
        <test-method status="PASS" signature="homepage()[pri:0, instance:testcase.testcaseclass@3159c4b8]" name="homepage" is-config="true" duration-ms="15808" started-at="2020-12-25T11:14:48 IST" finished-at="2020-12-25T11:15:04 IST">
          <reporter-output>
          </reporter-output>
        </test-method> <!-- homepage -->
        <test-method status="PASS" signature="searchwithvalidvalues(java.lang.String, java.lang.String, java.lang.String, java.lang.String, java.lang.String)[pri:0, instance:testcase.testcaseclass@3159c4b8]" name="searchwithvalidvalues" duration-ms="55206" started-at="2020-12-25T11:15:05 IST" data-provider="flightsearch" finished-at="2020-12-25T11:16:00 IST">
          <params>
            <param index="0">
              <value>
                <![CDATA[MAA]]>
              </value>
            </param>
            <param index="1">
              <value>
                <![CDATA[DEL]]>
              </value>
            </param>
            <param index="2">
              <value>
                <![CDATA[44187]]>
              </value>
            </param>
            <param index="3">
              <value>
                <![CDATA[2]]>
              </value>
            </param>
            <param index="4">
              <value>
                <![CDATA[4]]>
              </value>
            </param>
          </params>
          <reporter-output>
          </reporter-output>
        </test-method> <!-- searchwithvalidvalues -->
        <test-method status="PASS" signature="searchwithvalidvalues(java.lang.String, java.lang.String, java.lang.String, java.lang.String, java.lang.String)[pri:0, instance:testcase.testcaseclass@3159c4b8]" name="searchwithvalidvalues" duration-ms="35018" started-at="2020-12-25T11:16:00 IST" data-provider="flightsearch" finished-at="2020-12-25T11:16:35 IST">
          <params>
            <param index="0">
              <value>
                <![CDATA[BLR]]>
              </value>
            </param>
            <param index="1">
              <value>
                <![CDATA[BOM]]>
              </value>
            </param>
            <param index="2">
              <value>
                <![CDATA[44187]]>
              </value>
            </param>
            <param index="3">
              <value>
                <![CDATA[3]]>
              </value>
            </param>
            <param index="4">
              <value>
                <![CDATA[1]]>
              </value>
            </param>
          </params>
          <reporter-output>
          </reporter-output>
        </test-method> <!-- searchwithvalidvalues -->
        <test-method status="PASS" signature="searchwithvalidvalues(java.lang.String, java.lang.String, java.lang.String, java.lang.String, java.lang.String)[pri:0, instance:testcase.testcaseclass@3159c4b8]" name="searchwithvalidvalues" duration-ms="29896" started-at="2020-12-25T11:16:35 IST" data-provider="flightsearch" finished-at="2020-12-25T11:17:05 IST">
          <params>
            <param index="0">
              <value>
                <![CDATA[DEL]]>
              </value>
            </param>
            <param index="1">
              <value>
                <![CDATA[HYD]]>
              </value>
            </param>
            <param index="2">
              <value>
                <![CDATA[44187]]>
              </value>
            </param>
            <param index="3">
              <value>
                <![CDATA[4]]>
              </value>
            </param>
            <param index="4">
              <value>
                <![CDATA[2]]>
              </value>
            </param>
          </params>
          <reporter-output>
          </reporter-output>
        </test-method> <!-- searchwithvalidvalues -->
        <test-method status="PASS" signature="teardown()[pri:0, instance:testcase.testcaseclass@3159c4b8]" name="teardown" is-config="true" duration-ms="5151" started-at="2020-12-25T11:17:05 IST" finished-at="2020-12-25T11:17:11 IST">
          <reporter-output>
          </reporter-output>
        </test-method> <!-- teardown -->
      </class> <!-- testcase.testcaseclass -->
    </test> <!-- Test -->
  </suite> <!-- Suite -->
</testng-results>
