<?xml version="1.0" encoding="UTF-8"?>
<testng-results skipped="0" failed="0" ignored="0" total="3" passed="3">
  <reporter-output>
  </reporter-output>
  <suite name="Default suite" duration-ms="123597" started-at="2020-12-24T10:58:47 IST" finished-at="2020-12-24T11:00:51 IST">
    <groups>
    </groups>
    <test name="Default test" duration-ms="123597" started-at="2020-12-24T10:58:47 IST" finished-at="2020-12-24T11:00:51 IST">
      <class name="testcase.testcaseclass">
        <test-method status="PASS" signature="launch()[pri:0, instance:testcase.testcaseclass@56aac163]" name="launch" is-config="true" duration-ms="14905" started-at="2020-12-24T10:58:32 IST" finished-at="2020-12-24T10:58:47 IST">
          <reporter-output>
          </reporter-output>
        </test-method> <!-- launch -->
        <test-method status="PASS" signature="homepage()[pri:0, instance:testcase.testcaseclass@56aac163]" name="homepage" is-config="true" duration-ms="17459" started-at="2020-12-24T10:58:47 IST" finished-at="2020-12-24T10:59:05 IST">
          <reporter-output>
          </reporter-output>
        </test-method> <!-- homepage -->
        <test-method status="PASS" signature="searchwithvalidvalues(java.lang.String, java.lang.String, java.lang.String, java.lang.String, java.lang.String)[pri:0, instance:testcase.testcaseclass@56aac163]" name="searchwithvalidvalues" duration-ms="35452" started-at="2020-12-24T10:59:06 IST" data-provider="flightsearch" finished-at="2020-12-24T10:59:41 IST">
          <params>
            <param index="0">
              <value>
                <![CDATA[MAA]]>
              </value>
            </param>
            <param index="1">
              <value>
                <![CDATA[DEL]]>
              </value>
            </param>
            <param index="2">
              <value>
                <![CDATA[44187]]>
              </value>
            </param>
            <param index="3">
              <value>
                <![CDATA[2]]>
              </value>
            </param>
            <param index="4">
              <value>
                <![CDATA[4]]>
              </value>
            </param>
          </params>
          <reporter-output>
          </reporter-output>
        </test-method> <!-- searchwithvalidvalues -->
        <test-method status="PASS" signature="searchwithvalidvalues(java.lang.String, java.lang.String, java.lang.String, java.lang.String, java.lang.String)[pri:0, instance:testcase.testcaseclass@56aac163]" name="searchwithvalidvalues" duration-ms="36712" started-at="2020-12-24T10:59:41 IST" data-provider="flightsearch" finished-at="2020-12-24T11:00:18 IST">
          <params>
            <param index="0">
              <value>
                <![CDATA[BLR]]>
              </value>
            </param>
            <param index="1">
              <value>
                <![CDATA[BOM]]>
              </value>
            </param>
            <param index="2">
              <value>
                <![CDATA[44187]]>
              </value>
            </param>
            <param index="3">
              <value>
                <![CDATA[3]]>
              </value>
            </param>
            <param index="4">
              <value>
                <![CDATA[1]]>
              </value>
            </param>
          </params>
          <reporter-output>
          </reporter-output>
        </test-method> <!-- searchwithvalidvalues -->
        <test-method status="PASS" signature="searchwithvalidvalues(java.lang.String, java.lang.String, java.lang.String, java.lang.String, java.lang.String)[pri:0, instance:testcase.testcaseclass@56aac163]" name="searchwithvalidvalues" duration-ms="32684" started-at="2020-12-24T11:00:18 IST" data-provider="flightsearch" finished-at="2020-12-24T11:00:51 IST">
          <params>
            <param index="0">
              <value>
                <![CDATA[DEL]]>
              </value>
            </param>
            <param index="1">
              <value>
                <![CDATA[HYD]]>
              </value>
            </param>
            <param index="2">
              <value>
                <![CDATA[44187]]>
              </value>
            </param>
            <param index="3">
              <value>
                <![CDATA[4]]>
              </value>
            </param>
            <param index="4">
              <value>
                <![CDATA[2]]>
              </value>
            </param>
          </params>
          <reporter-output>
          </reporter-output>
        </test-method> <!-- searchwithvalidvalues -->
        <test-method status="PASS" signature="teardown()[pri:0, instance:testcase.testcaseclass@56aac163]" name="teardown" is-config="true" duration-ms="4846" started-at="2020-12-24T11:00:51 IST" finished-at="2020-12-24T11:00:56 IST">
          <reporter-output>
          </reporter-output>
        </test-method> <!-- teardown -->
      </class> <!-- testcase.testcaseclass -->
    </test> <!-- Default test -->
  </suite> <!-- Default suite -->
</testng-results>
